
> mevm-test@1.0.0 dev
> node src/index.js | tap-spec

    [
      'ethereum-tests/GeneralStateTests/VMTests/vmArithmeticTest/add.json',
      'ethereum-tests/GeneralStateTests/VMTests/vmArithmeticTest/addmod.json',
      'ethereum-tests/GeneralStateTests/VMTests/vmArithmeticTest/arith.json',
      'ethereum-tests/GeneralStateTests/VMTests/vmArithmeticTest/div.json',
      'ethereum-tests/GeneralStateTests/VMTests/vmArithmeticTest/divByZero.json',
      'ethereum-tests/GeneralStateTests/VMTests/vmArithmeticTest/exp.json',
      'ethereum-tests/GeneralStateTests/VMTests/vmArithmeticTest/expPower2.json',
      'ethereum-tests/GeneralStateTests/VMTests/vmArithmeticTest/expPower256.json',
      'ethereum-tests/GeneralStateTests/VMTests/vmArithmeticTest/expPower256Of256.json',
      'ethereum-tests/GeneralStateTests/VMTests/vmArithmeticTest/fib.json',
      'ethereum-tests/GeneralStateTests/VMTests/vmArithmeticTest/mod.json',
      'ethereum-tests/GeneralStateTests/VMTests/vmArithmeticTest/mul.json',
      'ethereum-tests/GeneralStateTests/VMTests/vmArithmeticTest/mulmod.json',
      'ethereum-tests/GeneralStateTests/VMTests/vmArithmeticTest/not.json',
      'ethereum-tests/GeneralStateTests/VMTests/vmArithmeticTest/sdiv.json',
      'ethereum-tests/GeneralStateTests/VMTests/vmArithmeticTest/signextend.json',
      'ethereum-tests/GeneralStateTests/VMTests/vmArithmeticTest/smod.json',
      'ethereum-tests/GeneralStateTests/VMTests/vmArithmeticTest/sub.json',
      'ethereum-tests/GeneralStateTests/VMTests/vmArithmeticTest/twoOps.json',
      'ethereum-tests/GeneralStateTests/VMTests/vmBitwiseLogicOperation/and.json',
      'ethereum-tests/GeneralStateTests/VMTests/vmBitwiseLogicOperation/byte.json',
      'ethereum-tests/GeneralStateTests/VMTests/vmBitwiseLogicOperation/eq.json',
      'ethereum-tests/GeneralStateTests/VMTests/vmBitwiseLogicOperation/gt.json',
      'ethereum-tests/GeneralStateTests/VMTests/vmBitwiseLogicOperation/iszero.json',
      'ethereum-tests/GeneralStateTests/VMTests/vmBitwiseLogicOperation/lt.json',
      'ethereum-tests/GeneralStateTests/VMTests/vmBitwiseLogicOperation/not.json',
      'ethereum-tests/GeneralStateTests/VMTests/vmBitwiseLogicOperation/or.json',
      'ethereum-tests/GeneralStateTests/VMTests/vmBitwiseLogicOperation/sgt.json',
      'ethereum-tests/GeneralStateTests/VMTests/vmBitwiseLogicOperation/slt.json',
      'ethereum-tests/GeneralStateTests/VMTests/vmBitwiseLogicOperation/xor.json',
      'ethereum-tests/GeneralStateTests/VMTests/vmIOandFlowOperations/codecopy.json',
      'ethereum-tests/GeneralStateTests/VMTests/vmIOandFlowOperations/gas.json',
      'ethereum-tests/GeneralStateTests/VMTests/vmIOandFlowOperations/jump.json',
      'ethereum-tests/GeneralStateTests/VMTests/vmIOandFlowOperations/jumpToPush.json',
      'ethereum-tests/GeneralStateTests/VMTests/vmIOandFlowOperations/jumpi.json',
      'ethereum-tests/GeneralStateTests/VMTests/vmIOandFlowOperations/loop_stacklimit.json',
      'ethereum-tests/GeneralStateTests/VMTests/vmIOandFlowOperations/loopsConditionals.json',
      'ethereum-tests/GeneralStateTests/VMTests/vmIOandFlowOperations/mload.json',
      'ethereum-tests/GeneralStateTests/VMTests/vmIOandFlowOperations/msize.json',
      'ethereum-tests/GeneralStateTests/VMTests/vmIOandFlowOperations/mstore.json',
      'ethereum-tests/GeneralStateTests/VMTests/vmIOandFlowOperations/mstore8.json',
      'ethereum-tests/GeneralStateTests/VMTests/vmIOandFlowOperations/pc.json',
      'ethereum-tests/GeneralStateTests/VMTests/vmIOandFlowOperations/pop.json',
      'ethereum-tests/GeneralStateTests/VMTests/vmIOandFlowOperations/return.json',
      'ethereum-tests/GeneralStateTests/VMTests/vmIOandFlowOperations/sstore_sload.json',
      'ethereum-tests/GeneralStateTests/VMTests/vmLogTest/log0.json',
      'ethereum-tests/GeneralStateTests/VMTests/vmLogTest/log1.json',
      'ethereum-tests/GeneralStateTests/VMTests/vmLogTest/log2.json',
      'ethereum-tests/GeneralStateTests/VMTests/vmLogTest/log3.json',
      'ethereum-tests/GeneralStateTests/VMTests/vmLogTest/log4.json',
      'ethereum-tests/GeneralStateTests/VMTests/vmPerformance/loopExp.json',
      'ethereum-tests/GeneralStateTests/VMTests/vmPerformance/loopMul.json',
      'ethereum-tests/GeneralStateTests/VMTests/vmPerformance/performanceTester.json',
      'ethereum-tests/GeneralStateTests/VMTests/vmTests/blockInfo.json',
      'ethereum-tests/GeneralStateTests/VMTests/vmTests/calldatacopy.json',
      'ethereum-tests/GeneralStateTests/VMTests/vmTests/calldataload.json',
      'ethereum-tests/GeneralStateTests/VMTests/vmTests/calldatasize.json',
      'ethereum-tests/GeneralStateTests/VMTests/vmTests/dup.json',
      'ethereum-tests/GeneralStateTests/VMTests/vmTests/envInfo.json',
      'ethereum-tests/GeneralStateTests/VMTests/vmTests/push.json',
      'ethereum-tests/GeneralStateTests/VMTests/vmTests/random.json',
      'ethereum-tests/GeneralStateTests/VMTests/vmTests/sha3.json',
      'ethereum-tests/GeneralStateTests/VMTests/vmTests/suicide.json',
      'ethereum-tests/GeneralStateTests/VMTests/vmTests/swap.json'
    ]
    -- .json
    skip  ethereum-tests/GeneralStateTests/VMTests/vmArithmeticTest/add.json vmArithmeticTest/add
    -- mod.json
    -- .json
    skip  ethereum-tests/GeneralStateTests/VMTests/vmArithmeticTest/addmod.json vmArithmeticTest/addmod
    -- .json
    skip  ethereum-tests/GeneralStateTests/VMTests/vmArithmeticTest/arith.json vmArithmeticTest/arith
    -- .json
    skip  ethereum-tests/GeneralStateTests/VMTests/vmArithmeticTest/div.json vmArithmeticTest/div
    -- ByZero.json
    -- .json
    skip  ethereum-tests/GeneralStateTests/VMTests/vmArithmeticTest/divByZero.json vmArithmeticTest/divByZero
    -- .json
    skip  ethereum-tests/GeneralStateTests/VMTests/vmArithmeticTest/exp.json vmArithmeticTest/exp
    -- Power2.json
    send  ethereum-tests/GeneralStateTests/VMTests/vmArithmeticTest/expPower2.json
    -- Power256.json
    send  ethereum-tests/GeneralStateTests/VMTests/vmArithmeticTest/expPower256.json
    -- Power256Of256.json
    send  ethereum-tests/GeneralStateTests/VMTests/vmArithmeticTest/expPower256Of256.json
    -- .json
    skip  ethereum-tests/GeneralStateTests/VMTests/vmArithmeticTest/fib.json vmArithmeticTest/fib
    -- .json
    skip  ethereum-tests/GeneralStateTests/VMTests/vmArithmeticTest/mod.json vmArithmeticTest/mod
    -- .json
    skip  ethereum-tests/GeneralStateTests/VMTests/vmArithmeticTest/mul.json vmArithmeticTest/mul
    -- .json
    skip  ethereum-tests/GeneralStateTests/VMTests/vmArithmeticTest/mulmod.json vmArithmeticTest/mulmod
    -- .json
    skip  ethereum-tests/GeneralStateTests/VMTests/vmArithmeticTest/not.json vmArithmeticTest/not
    -- .json
    skip  ethereum-tests/GeneralStateTests/VMTests/vmArithmeticTest/sdiv.json vmArithmeticTest/sdiv
    -- .json
    skip  ethereum-tests/GeneralStateTests/VMTests/vmArithmeticTest/signextend.json vmArithmeticTest/signextend
    -- .json
    skip  ethereum-tests/GeneralStateTests/VMTests/vmArithmeticTest/smod.json vmArithmeticTest/smod
    -- .json
    skip  ethereum-tests/GeneralStateTests/VMTests/vmArithmeticTest/sub.json vmArithmeticTest/sub
    -- .json
    skip  ethereum-tests/GeneralStateTests/VMTests/vmArithmeticTest/twoOps.json vmArithmeticTest/twoOps
    -- .json
    skip  ethereum-tests/GeneralStateTests/VMTests/vmBitwiseLogicOperation/and.json vmBitwiseLogicOperation/and
    -- .json
    skip  ethereum-tests/GeneralStateTests/VMTests/vmBitwiseLogicOperation/byte.json vmBitwiseLogicOperation/byte
    -- .json
    skip  ethereum-tests/GeneralStateTests/VMTests/vmBitwiseLogicOperation/eq.json vmBitwiseLogicOperation/eq
    -- .json
    skip  ethereum-tests/GeneralStateTests/VMTests/vmBitwiseLogicOperation/gt.json vmBitwiseLogicOperation/gt
    -- .json
    skip  ethereum-tests/GeneralStateTests/VMTests/vmBitwiseLogicOperation/iszero.json vmBitwiseLogicOperation/iszero
    -- .json
    skip  ethereum-tests/GeneralStateTests/VMTests/vmBitwiseLogicOperation/lt.json vmBitwiseLogicOperation/lt
    -- .json
    skip  ethereum-tests/GeneralStateTests/VMTests/vmBitwiseLogicOperation/not.json vmBitwiseLogicOperation/not
    -- .json
    skip  ethereum-tests/GeneralStateTests/VMTests/vmBitwiseLogicOperation/or.json vmBitwiseLogicOperation/or
    -- .json
    skip  ethereum-tests/GeneralStateTests/VMTests/vmBitwiseLogicOperation/sgt.json vmBitwiseLogicOperation/sgt
    -- .json
    skip  ethereum-tests/GeneralStateTests/VMTests/vmBitwiseLogicOperation/slt.json vmBitwiseLogicOperation/slt
    -- .json
    skip  ethereum-tests/GeneralStateTests/VMTests/vmBitwiseLogicOperation/xor.json vmBitwiseLogicOperation/xor
    -- .json
    skip  ethereum-tests/GeneralStateTests/VMTests/vmIOandFlowOperations/codecopy.json vmIOandFlowOperations/codecopy
    send  ethereum-tests/GeneralStateTests/VMTests/vmIOandFlowOperations/gas.json
    send  ethereum-tests/GeneralStateTests/VMTests/vmIOandFlowOperations/jump.json
    send  ethereum-tests/GeneralStateTests/VMTests/vmIOandFlowOperations/jumpToPush.json
    send  ethereum-tests/GeneralStateTests/VMTests/vmIOandFlowOperations/jumpi.json
    send  ethereum-tests/GeneralStateTests/VMTests/vmIOandFlowOperations/loop_stacklimit.json
    send  ethereum-tests/GeneralStateTests/VMTests/vmIOandFlowOperations/loopsConditionals.json
    send  ethereum-tests/GeneralStateTests/VMTests/vmIOandFlowOperations/mload.json
    send  ethereum-tests/GeneralStateTests/VMTests/vmIOandFlowOperations/msize.json
    send  ethereum-tests/GeneralStateTests/VMTests/vmIOandFlowOperations/mstore.json
    send  ethereum-tests/GeneralStateTests/VMTests/vmIOandFlowOperations/mstore8.json
    send  ethereum-tests/GeneralStateTests/VMTests/vmIOandFlowOperations/pc.json
    send  ethereum-tests/GeneralStateTests/VMTests/vmIOandFlowOperations/pop.json
    send  ethereum-tests/GeneralStateTests/VMTests/vmIOandFlowOperations/return.json
    send  ethereum-tests/GeneralStateTests/VMTests/vmIOandFlowOperations/sstore_sload.json
    send  ethereum-tests/GeneralStateTests/VMTests/vmLogTest/log0.json
    send  ethereum-tests/GeneralStateTests/VMTests/vmLogTest/log1.json
    send  ethereum-tests/GeneralStateTests/VMTests/vmLogTest/log2.json
    send  ethereum-tests/GeneralStateTests/VMTests/vmLogTest/log3.json
    send  ethereum-tests/GeneralStateTests/VMTests/vmLogTest/log4.json
    send  ethereum-tests/GeneralStateTests/VMTests/vmPerformance/loopExp.json
    send  ethereum-tests/GeneralStateTests/VMTests/vmPerformance/loopMul.json
    send  ethereum-tests/GeneralStateTests/VMTests/vmPerformance/performanceTester.json
    send  ethereum-tests/GeneralStateTests/VMTests/vmTests/blockInfo.json
    send  ethereum-tests/GeneralStateTests/VMTests/vmTests/calldatacopy.json
    send  ethereum-tests/GeneralStateTests/VMTests/vmTests/calldataload.json
    send  ethereum-tests/GeneralStateTests/VMTests/vmTests/calldatasize.json
    send  ethereum-tests/GeneralStateTests/VMTests/vmTests/dup.json
    send  ethereum-tests/GeneralStateTests/VMTests/vmTests/envInfo.json
    send  ethereum-tests/GeneralStateTests/VMTests/vmTests/push.json
    send  ethereum-tests/GeneralStateTests/VMTests/vmTests/random.json
    send  ethereum-tests/GeneralStateTests/VMTests/vmTests/sha3.json
    send  ethereum-tests/GeneralStateTests/VMTests/vmTests/suicide.json
    send  ethereum-tests/GeneralStateTests/VMTests/vmTests/swap.json


